# JRE version: Java(TM) SE Runtime Environment (23.0+37) (build 23+37-2369)
# Java VM: Java HotSpot(TM) 64-Bit Server VM (23+37-2369, mixed mode, emulated-client, sharing, tiered, compressed oops, compressed class ptrs, g1 gc, windows-amd64)
GC Precious Log:
 CardTable entry size: 512
 Card Set container configuration: InlinePtr #cards 5 size 8 Array Of Cards #cards 10 size 36 Howl #buckets 4 coarsen threshold 1843 Howl Bitmap #cards 512 size 80 coarsen threshold 460 Card regions per heap region 1 cards per card region 2048
 CPUs: 4 total, 4 available
 Memory: 8071M
 Large Page Support: Disabled
 NUMA Support: Disabled
 Compressed Oops: Enabled (32-bit)
 Heap Region Size: 1M
 Heap Min Capacity: 8M
 Heap Initial Capacity: 128M
 Heap Max Capacity: 2018M
 Pre-touch: Disabled
 Parallel Workers: 4
 Concurrent Workers: 1
 Concurrent Refinement Workers: 4
 Periodic GC: Disabled
Heap:
 garbage-first heap   total reserved 2066432K, committed 48128K, used 30972K [0x0000000081e00000, 0x0000000100000000)
  region size 1024K, 8 young (8192K), 3 survivors (3072K)
 Metaspace       used 57806K, committed 58368K, reserved 1114112K
  class space    used 8520K, committed 8768K, reserved 1048576K
GC Heap History (20 events):
Event: 8.329 GC heap before
{Heap before GC invocations=6 (full 0):
 garbage-first heap   total reserved 2066432K, committed 48128K, used 34901K [0x0000000081e00000, 0x0000000100000000)
  region size 1024K, 22 young (22528K), 3 survivors (3072K)
 Metaspace       used 26558K, committed 26944K, reserved 1114112K
  class space    used 3732K, committed 3904K, reserved 1048576K
}
Event: 8.339 GC heap after
{Heap after GC invocations=7 (full 0):
 garbage-first heap   total reserved 2066432K, committed 48128K, used 17119K [0x0000000081e00000, 0x0000000100000000)
  region size 1024K, 2 young (2048K), 2 survivors (2048K)
 Metaspace       used 26558K, committed 26944K, reserved 1114112K
  class space    used 3732K, committed 3904K, reserved 1048576K
}
Event: 9.486 GC heap before
{Heap before GC invocations=7 (full 0):
 garbage-first heap   total reserved 2066432K, committed 48128K, used 36575K [0x0000000081e00000, 0x0000000100000000)
  region size 1024K, 21 young (21504K), 2 survivors (2048K)
 Metaspace       used 29304K, committed 29760K, reserved 1114112K
  class space    used 4201K, committed 4416K, reserved 1048576K
}
Event: 9.498 GC heap after
{Heap after GC invocations=8 (full 0):
 garbage-first heap   total reserved 2066432K, committed 48128K, used 18884K [0x0000000081e00000, 0x0000000100000000)
  region size 1024K, 3 young (3072K), 3 survivors (3072K)
 Metaspace       used 29304K, committed 29760K, reserved 1114112K
  class space    used 4201K, committed 4416K, reserved 1048576K
}
Event: 10.808 GC heap before
{Heap before GC invocations=8 (full 0):
 garbage-first heap   total reserved 2066432K, committed 48128K, used 38340K [0x0000000081e00000, 0x0000000100000000)
  region size 1024K, 22 young (22528K), 3 survivors (3072K)
 Metaspace       used 32280K, committed 32832K, reserved 1114112K
  class space    used 4604K, committed 4864K, reserved 1048576K
}
Event: 10.822 GC heap after
{Heap after GC invocations=9 (full 0):
 garbage-first heap   total reserved 2066432K, committed 48128K, used 20580K [0x0000000081e00000, 0x0000000100000000)
  region size 1024K, 2 young (2048K), 2 survivors (2048K)
 Metaspace       used 32280K, committed 32832K, reserved 1114112K
  class space    used 4604K, committed 4864K, reserved 1048576K
}
Event: 11.751 GC heap before
{Heap before GC invocations=9 (full 0):
 garbage-first heap   total reserved 2066432K, committed 48128K, used 39012K [0x0000000081e00000, 0x0000000100000000)
  region size 1024K, 20 young (20480K), 2 survivors (2048K)
 Metaspace       used 35306K, committed 35904K, reserved 1114112K
  class space    used 5043K, committed 5312K, reserved 1048576K
}
Event: 11.756 GC heap after
{Heap after GC invocations=10 (full 0):
 garbage-first heap   total reserved 2066432K, committed 48128K, used 21882K [0x0000000081e00000, 0x0000000100000000)
  region size 1024K, 2 young (2048K), 2 survivors (2048K)
 Metaspace       used 35306K, committed 35904K, reserved 1114112K
  class space    used 5043K, committed 5312K, reserved 1048576K
}
Event: 11.806 GC heap before
{Heap before GC invocations=10 (full 0):
 garbage-first heap   total reserved 2066432K, committed 48128K, used 21882K [0x0000000081e00000, 0x0000000100000000)
  region size 1024K, 3 young (3072K), 2 survivors (2048K)
 Metaspace       used 35542K, committed 36096K, reserved 1114112K
  class space    used 5084K, committed 5312K, reserved 1048576K
}
Event: 11.809 GC heap after
{Heap after GC invocations=11 (full 0):
 garbage-first heap   total reserved 2066432K, committed 48128K, used 21770K [0x0000000081e00000, 0x0000000100000000)
  region size 1024K, 2 young (2048K), 2 survivors (2048K)
 Metaspace       used 35542K, committed 36096K, reserved 1114112K
  class space    used 5084K, committed 5312K, reserved 1048576K
}
Event: 12.857 GC heap before
{Heap before GC invocations=12 (full 0):
 garbage-first heap   total reserved 2066432K, committed 48128K, used 40202K [0x0000000081e00000, 0x0000000100000000)
  region size 1024K, 20 young (20480K), 2 survivors (2048K)
 Metaspace       used 40047K, committed 40640K, reserved 1114112K
  class space    used 5879K, committed 6144K, reserved 1048576K
}
Event: 12.860 GC heap after
{Heap after GC invocations=13 (full 0):
 garbage-first heap   total reserved 2066432K, committed 48128K, used 22772K [0x0000000081e00000, 0x0000000100000000)
  region size 1024K, 3 young (3072K), 3 survivors (3072K)
 Metaspace       used 40047K, committed 40640K, reserved 1114112K
  class space    used 5879K, committed 6144K, reserved 1048576K
}
Event: 14.263 GC heap before
{Heap before GC invocations=13 (full 0):
 garbage-first heap   total reserved 2066432K, committed 48128K, used 40180K [0x0000000081e00000, 0x0000000100000000)
  region size 1024K, 20 young (20480K), 3 survivors (3072K)
 Metaspace       used 45080K, committed 45632K, reserved 1114112K
  class space    used 6559K, committed 6784K, reserved 1048576K
}
Event: 14.269 GC heap after
{Heap after GC invocations=14 (full 0):
 garbage-first heap   total reserved 2066432K, committed 48128K, used 24140K [0x0000000081e00000, 0x0000000100000000)
  region size 1024K, 3 young (3072K), 3 survivors (3072K)
 Metaspace       used 45080K, committed 45632K, reserved 1114112K
  class space    used 6559K, committed 6784K, reserved 1048576K
}
Event: 15.144 GC heap before
{Heap before GC invocations=14 (full 0):
 garbage-first heap   total reserved 2066432K, committed 48128K, used 39500K [0x0000000081e00000, 0x0000000100000000)
  region size 1024K, 19 young (19456K), 3 survivors (3072K)
 Metaspace       used 49044K, committed 49600K, reserved 1114112K
  class space    used 7076K, committed 7296K, reserved 1048576K
}
Event: 15.152 GC heap after
{Heap after GC invocations=15 (full 0):
 garbage-first heap   total reserved 2066432K, committed 48128K, used 25145K [0x0000000081e00000, 0x0000000100000000)
  region size 1024K, 3 young (3072K), 3 survivors (3072K)
 Metaspace       used 49044K, committed 49600K, reserved 1114112K
  class space    used 7076K, committed 7296K, reserved 1048576K
}
Event: 16.503 GC heap before
{Heap before GC invocations=16 (full 0):
 garbage-first heap   total reserved 2066432K, committed 48128K, used 40505K [0x0000000081e00000, 0x0000000100000000)
  region size 1024K, 18 young (18432K), 3 survivors (3072K)
 Metaspace       used 53473K, committed 54080K, reserved 1114112K
  class space    used 7894K, committed 8128K, reserved 1048576K
}
Event: 16.508 GC heap after
{Heap after GC invocations=17 (full 0):
 garbage-first heap   total reserved 2066432K, committed 48128K, used 25956K [0x0000000081e00000, 0x0000000100000000)
  region size 1024K, 2 young (2048K), 2 survivors (2048K)
 Metaspace       used 53473K, committed 54080K, reserved 1114112K
  class space    used 7894K, committed 8128K, reserved 1048576K
}
Event: 17.417 GC heap before
{Heap before GC invocations=17 (full 0):
 garbage-first heap   total reserved 2066432K, committed 48128K, used 41316K [0x0000000081e00000, 0x0000000100000000)
  region size 1024K, 18 young (18432K), 2 survivors (2048K)
 Metaspace       used 57019K, committed 57600K, reserved 1114112K
  class space    used 8432K, committed 8640K, reserved 1048576K
}
Event: 17.428 GC heap after
{Heap after GC invocations=18 (full 0):
 garbage-first heap   total reserved 2066432K, committed 48128K, used 26876K [0x0000000081e00000, 0x0000000100000000)
  region size 1024K, 3 young (3072K), 3 survivors (3072K)
 Metaspace       used 57019K, committed 57600K, reserved 1114112K
  class space    used 8432K, committed 8640K, reserved 1048576K
}

